Build started 10/24/2011 3:52:15 PM.
Project "\\vmware-host\Shared Folders\Desktop\AscensionControl\DXTest\DXTest.vcxproj" on node 2 (build target(s)).
PrepareForBuild:
  Creating directory "\\vmware-host\Shared Folders\Desktop\AscensionControl\Debug\".
InitializeBuildStatus:
  Creating "Debug\DXTest.unsuccessfulbuild" because "AlwaysCreate" was specified.
ClCompile:
  c:\Program Files (x86)\Microsoft Visual Studio 10.0\VC\bin\CL.exe /c /ZI /nologo /W3 /WX- /Od /Oy- /D _MBCS /Gm /EHsc /RTC1 /MDd /GS /fp:precise /Zc:wchar_t /Zc:forScope /Fo"Debug\\" /Fd"Debug\vc100.pdb" /Gd /TP /analyze- /errorReport:prompt Main.cpp
  Main.cpp
\\vmware-host\shared folders\desktop\ascensioncontrol\dxtest\main.cpp(5): fatal error C1083: Cannot open include file: 'd3dx9.h': No such file or directory
Done Building Project "\\vmware-host\Shared Folders\Desktop\AscensionControl\DXTest\DXTest.vcxproj" (build target(s)) -- FAILED.

Build FAILED.

Time Elapsed 00:00:03.75
